0 info it worked if it ends with ok
1 verbose cli [ '/Users/xiaojining/.nvm/versions/node/v7.5.0/bin/node',
1 verbose cli   '/Users/xiaojining/.nvm/versions/node/v7.5.0/bin/npm',
1 verbose cli   'unpublish',
1 verbose cli   'validate-ef@1.0.0' ]
2 info using npm@4.1.2
3 info using node@v7.5.0
4 silly unpublish args[0] validate-ef@1.0.0
5 silly unpublish thing Result {
5 silly unpublish   raw: 'validate-ef@1.0.0',
5 silly unpublish   scope: null,
5 silly unpublish   escapedName: 'validate-ef',
5 silly unpublish   name: 'validate-ef',
5 silly unpublish   rawSpec: '1.0.0',
5 silly unpublish   spec: '1.0.0',
5 silly unpublish   type: 'version' }
6 verbose getPublishConfig null
7 silly ls normalized validate-ef/1.0.0
8 silly gentlyRm /Users/xiaojining/.npm/validate-ef/1.0.0 is being purged
9 verbose gentlyRm don't care about contents; nuking /Users/xiaojining/.npm/validate-ef/1.0.0
10 silly vacuum-fs purging /Users/xiaojining/.npm/validate-ef/1.0.0
11 silly vacuum-fs removing /Users/xiaojining/.npm/validate-ef
12 silly vacuum-fs quitting because other entries in /Users/xiaojining/.npm
13 silly mapToRegistry name validate-ef
14 silly mapToRegistry using default registry
15 silly mapToRegistry registry http://registry.npmjs.org/
16 silly mapToRegistry data Result {
16 silly mapToRegistry   raw: 'validate-ef',
16 silly mapToRegistry   scope: null,
16 silly mapToRegistry   escapedName: 'validate-ef',
16 silly mapToRegistry   name: 'validate-ef',
16 silly mapToRegistry   rawSpec: '',
16 silly mapToRegistry   spec: 'latest',
16 silly mapToRegistry   type: 'tag' }
17 silly mapToRegistry uri http://registry.npmjs.org/validate-ef
18 verbose get GET as part of write; not caching result
19 verbose request uri http://registry.npmjs.org/validate-ef?write=true
20 verbose request no auth needed
21 info attempt registry request try #1 at 16:27:57
22 verbose request using bearer token for auth
23 verbose request id 0dbebf4f8f557eb7
24 http request GET http://registry.npmjs.org/validate-ef?write=true
25 http 200 http://registry.npmjs.org/validate-ef?write=true
26 verbose headers { server: 'CouchDB/1.6.1 (Erlang OTP/R16B03)',
26 verbose headers   'content-type': 'application/json',
26 verbose headers   etag: '"5926948c-186c"',
26 verbose headers   'content-encoding': 'gzip',
26 verbose headers   'cache-control': 'max-age=0',
26 verbose headers   'transfer-encoding': 'chunked',
26 verbose headers   'accept-ranges': 'bytes',
26 verbose headers   date: 'Thu, 25 May 2017 08:28:01 GMT',
26 verbose headers   via: '1.1 varnish',
26 verbose headers   connection: 'keep-alive',
26 verbose headers   'x-served-by': 'cache-nrt6134-NRT',
26 verbose headers   'x-cache': 'MISS',
26 verbose headers   'x-cache-hits': '0',
26 verbose headers   'x-timer': 'S1495700881.570719,VS0,VE480',
26 verbose headers   vary: 'Accept-Encoding' }
27 silly get cb [ 200,
27 silly get   { server: 'CouchDB/1.6.1 (Erlang OTP/R16B03)',
27 silly get     'content-type': 'application/json',
27 silly get     etag: '"5926948c-186c"',
27 silly get     'content-encoding': 'gzip',
27 silly get     'cache-control': 'max-age=0',
27 silly get     'transfer-encoding': 'chunked',
27 silly get     'accept-ranges': 'bytes',
27 silly get     date: 'Thu, 25 May 2017 08:28:01 GMT',
27 silly get     via: '1.1 varnish',
27 silly get     connection: 'keep-alive',
27 silly get     'x-served-by': 'cache-nrt6134-NRT',
27 silly get     'x-cache': 'MISS',
27 silly get     'x-cache-hits': '0',
27 silly get     'x-timer': 'S1495700881.570719,VS0,VE480',
27 silly get     vary: 'Accept-Encoding' } ]
28 verbose get saving validate-ef to /Users/xiaojining/.npm/registry.npmjs.org/validate-ef_3Fwrite_3Dtrue/.cache.json
29 verbose correctMkdir /Users/xiaojining/.npm correctMkdir not in flight; initializing
30 verbose unpublish removing attachments { shasum: '6d322a3e5e6a54ef9c8866f9238e1d2f368377d1',
30 verbose unpublish   tarball: 'https://registry.npmjs.org/validate-ef/-/validate-ef-1.0.0.tgz' }
31 info unpublish No versions remain, removing entire package
32 verbose request uri http://registry.npmjs.org/validate-ef/-rev/1-693d509b3d2b59dfdac849e6f2c6e288
33 verbose request sending authorization for write operation
34 info attempt registry request try #1 at 16:27:59
35 verbose request using bearer token for auth
36 http request DELETE http://registry.npmjs.org/validate-ef/-rev/1-693d509b3d2b59dfdac849e6f2c6e288
37 http 503 http://registry.npmjs.org/validate-ef/-rev/1-693d509b3d2b59dfdac849e6f2c6e288
38 verbose bad json <?xml version="1.0" encoding="utf-8"?>
38 verbose bad json <!DOCTYPE html PUBLIC "-//W3C//DTD XHTML 1.0 Strict//EN"
38 verbose bad json  "http://www.w3.org/TR/xhtml1/DTD/xhtml1-strict.dtd">
38 verbose bad json <html>
38 verbose bad json   <head>
38 verbose bad json     <title>503 first byte timeout</title>
38 verbose bad json   </head>
38 verbose bad json   <body>
38 verbose bad json     <h1>Error 503 first byte timeout</h1>
38 verbose bad json     <p>first byte timeout</p>
38 verbose bad json     <h3>Guru Mediation:</h3>
38 verbose bad json     <p>Details: cache-nrt6134-NRT 1495700913 1715971768</p>
38 verbose bad json     <hr>
38 verbose bad json     <p>Varnish cache server</p>
38 verbose bad json   </body>
38 verbose bad json </html>
39 error registry error parsing json
40 verbose headers { server: 'Varnish',
40 verbose headers   'retry-after': '0',
40 verbose headers   'content-type': 'text/html; charset=utf-8',
40 verbose headers   'content-length': '448',
40 verbose headers   'accept-ranges': 'bytes',
40 verbose headers   date: 'Thu, 25 May 2017 08:28:32 GMT',
40 verbose headers   via: '1.1 varnish',
40 verbose headers   connection: 'close',
40 verbose headers   'x-served-by': 'cache-nrt6134-NRT',
40 verbose headers   'x-cache': 'MISS',
40 verbose headers   'x-cache-hits': '0',
40 verbose headers   'x-timer': 'S1495700881.162737,VS0,VE31704' }
41 info retry will retry, error on last attempt: SyntaxError: Unexpected token < in JSON at position 1
41 info retry
41 info retry <?xml version="1.0" encoding="utf-8"?>
41 info retry <!DOCTYPE html PUBLIC "-//W3C//DTD XHTML 1.0 Strict//EN"
41 info retry  "http://www.w3.org/TR/xhtml1/DTD/xhtml1-strict.dtd">
41 info retry <html>
41 info retry   <head>
41 info retry     <title>503 first byte timeout</title>
41 info retry   </head>
41 info retry   <body>
41 info retry     <h1>Error 503 first byte timeout</h1>
41 info retry     <p>first byte timeout</p>
41 info retry     <h3>Guru Mediation:</h3>
41 info retry     <p>Details: cache-nrt6134-NRT 1495700913 1715971768</p>
41 info retry     <hr>
41 info retry     <p>Varnish cache server</p>
41 info retry   </body>
41 info retry </html>
42 info attempt registry request try #2 at 16:28:41
43 verbose request using bearer token for auth
44 http request DELETE http://registry.npmjs.org/validate-ef/-rev/1-693d509b3d2b59dfdac849e6f2c6e288
45 http 403 http://registry.npmjs.org/validate-ef/-rev/1-693d509b3d2b59dfdac849e6f2c6e288
46 verbose headers { 'content-type': 'application/json',
46 verbose headers   'cache-control': 'max-age=300',
46 verbose headers   'content-length': '105',
46 verbose headers   'accept-ranges': 'bytes',
46 verbose headers   date: 'Thu, 25 May 2017 08:28:43 GMT',
46 verbose headers   via: '1.1 varnish',
46 verbose headers   connection: 'keep-alive',
46 verbose headers   'x-served-by': 'cache-nrt6129-NRT',
46 verbose headers   'x-cache': 'MISS',
46 verbose headers   'x-cache-hits': '0',
46 verbose headers   'x-timer': 'S1495700923.153052,VS0,VE651',
46 verbose headers   vary: 'Accept-Encoding' }
47 verbose request invalidating /Users/xiaojining/.npm/registry.npmjs.org/validate-ef on DELETE
48 verbose stack Error: you do not have permission to publish "validate-ef". Are you logged in as the correct user? : validate-ef
48 verbose stack     at makeError (/Users/xiaojining/.nvm/versions/node/v7.5.0/lib/node_modules/npm/node_modules/npm-registry-client/lib/request.js:304:12)
48 verbose stack     at CachingRegistryClient.<anonymous> (/Users/xiaojining/.nvm/versions/node/v7.5.0/lib/node_modules/npm/node_modules/npm-registry-client/lib/request.js:292:14)
48 verbose stack     at Request._callback (/Users/xiaojining/.nvm/versions/node/v7.5.0/lib/node_modules/npm/node_modules/npm-registry-client/lib/request.js:212:14)
48 verbose stack     at Request.self.callback (/Users/xiaojining/.nvm/versions/node/v7.5.0/lib/node_modules/npm/node_modules/request/request.js:186:22)
48 verbose stack     at emitTwo (events.js:106:13)
48 verbose stack     at Request.emit (events.js:192:7)
48 verbose stack     at Request.<anonymous> (/Users/xiaojining/.nvm/versions/node/v7.5.0/lib/node_modules/npm/node_modules/request/request.js:1081:10)
48 verbose stack     at emitOne (events.js:96:13)
48 verbose stack     at Request.emit (events.js:189:7)
48 verbose stack     at IncomingMessage.<anonymous> (/Users/xiaojining/.nvm/versions/node/v7.5.0/lib/node_modules/npm/node_modules/request/request.js:1001:12)
49 verbose statusCode 403
50 verbose pkgid validate-ef
51 verbose cwd /Users/xiaojining/eightfeet/www/2017/validate
52 error Darwin 15.6.0
53 error argv "/Users/xiaojining/.nvm/versions/node/v7.5.0/bin/node" "/Users/xiaojining/.nvm/versions/node/v7.5.0/bin/npm" "unpublish" "validate-ef@1.0.0"
54 error node v7.5.0
55 error npm  v4.1.2
56 error code E403
57 error you do not have permission to publish "validate-ef". Are you logged in as the correct user? : validate-ef
58 error If you need help, you may report this error at:
58 error     <https://github.com/npm/npm/issues>
59 verbose exit [ 1, true ]
